2019-05-08 10:52:48,380 [Worker-0] INFO  o.e.m.c.i.p.ProjectConfigurationManager - Collecting project info '/pom.xml' C:\Users\srinivas1\Desktop\PradeepSelenium\MyMavenProject\pom.xml
2019-05-08 10:53:03,177 [Worker-0] INFO  o.e.m.c.i.l.LifecycleMappingFactory - Using org.eclipse.m2e.jdt.JarLifecycleMapping lifecycle mapping for MavenProject: newTours:MyMavenProject:0.0.1-SNAPSHOT @ C:\Users\srinivas1\Desktop\PradeepSelenium\MyMavenProject\pom.xml.
2019-05-08 10:53:11,872 [Worker-0] INFO  o.e.m.j.i.AbstractJavaProjectConfigurator - Adding source folder /MyMavenProject/src/main/java
2019-05-08 10:53:11,941 [Worker-0] INFO  o.e.m.j.i.AbstractJavaProjectConfigurator - Adding source folder /MyMavenProject/src/test/java
2019-05-08 10:53:12,546 [Worker-0] INFO  o.e.m.c.i.p.ProjectConfigurationManager - Imported and configured 1 project(s) in 24 sec
2019-05-08 10:53:14,995 [Worker-22] INFO  o.e.m.c.i.embedder.EclipseLogger - Using 'UTF-8' encoding to copy filtered resources.
2019-05-08 10:53:14,997 [Worker-22] INFO  o.e.m.c.i.embedder.EclipseLogger - skip non existing resourceDirectory C:\Users\srinivas1\Desktop\PradeepSelenium\MyMavenProject\src\main\resources
2019-05-08 10:53:15,002 [Worker-22] INFO  o.e.m.c.i.embedder.EclipseLogger - Using 'UTF-8' encoding to copy filtered resources.
2019-05-08 10:53:15,003 [Worker-22] INFO  o.e.m.c.i.embedder.EclipseLogger - skip non existing resourceDirectory C:\Users\srinivas1\Desktop\PradeepSelenium\MyMavenProject\src\test\resources
2019-05-08 10:53:42,381 [Worker-0] INFO  o.e.m.c.i.embedder.EclipseLogger - Using 'UTF-8' encoding to copy filtered resources.
2019-05-08 10:53:42,382 [Worker-0] INFO  o.e.m.c.i.embedder.EclipseLogger - skip non existing resourceDirectory C:\Users\srinivas1\Desktop\PradeepSelenium\MyMavenProject\src\main\resources
2019-05-08 10:53:42,385 [Worker-0] INFO  o.e.m.c.i.embedder.EclipseLogger - Using 'UTF-8' encoding to copy filtered resources.
2019-05-08 10:53:42,385 [Worker-0] INFO  o.e.m.c.i.embedder.EclipseLogger - skip non existing resourceDirectory C:\Users\srinivas1\Desktop\PradeepSelenium\MyMavenProject\src\test\resources
2019-05-08 10:53:50,133 [Worker-23] INFO  o.e.m.c.i.embedder.EclipseLogger - Using 'UTF-8' encoding to copy filtered resources.
2019-05-08 10:53:50,133 [Worker-23] INFO  o.e.m.c.i.embedder.EclipseLogger - skip non existing resourceDirectory C:\Users\srinivas1\Desktop\PradeepSelenium\MyMavenProject\src\main\resources
2019-05-08 10:53:50,135 [Worker-23] INFO  o.e.m.c.i.embedder.EclipseLogger - Using 'UTF-8' encoding to copy filtered resources.
2019-05-08 10:53:50,220 [Worker-23] INFO  o.e.m.c.i.embedder.EclipseLogger - skip non existing resourceDirectory C:\Users\srinivas1\Desktop\PradeepSelenium\MyMavenProject\src\test\resources
2019-05-08 11:00:15,593 [Worker-24] INFO  o.e.m.c.i.l.LifecycleMappingFactory - Using org.eclipse.m2e.jdt.JarLifecycleMapping lifecycle mapping for MavenProject: newTours:MyMavenProject:0.0.1-SNAPSHOT @ C:\Users\srinivas1\Desktop\PradeepSelenium\MyMavenProject\pom.xml.
2019-05-08 11:00:30,573 [Worker-24] INFO  o.e.m.c.i.embedder.EclipseLogger - Using 'UTF-8' encoding to copy filtered resources.
2019-05-08 11:00:30,573 [Worker-24] INFO  o.e.m.c.i.embedder.EclipseLogger - skip non existing resourceDirectory C:\Users\srinivas1\Desktop\PradeepSelenium\MyMavenProject\src\main\resources
2019-05-08 11:00:30,586 [Worker-24] INFO  o.e.m.c.i.embedder.EclipseLogger - Using 'UTF-8' encoding to copy filtered resources.
2019-05-08 11:00:30,599 [Worker-24] INFO  o.e.m.c.i.embedder.EclipseLogger - skip non existing resourceDirectory C:\Users\srinivas1\Desktop\PradeepSelenium\MyMavenProject\src\test\resources
2019-05-08 11:00:34,635 [Worker-24] INFO  o.e.m.c.i.embedder.EclipseLogger - Using 'UTF-8' encoding to copy filtered resources.
2019-05-08 11:00:34,635 [Worker-24] INFO  o.e.m.c.i.embedder.EclipseLogger - skip non existing resourceDirectory C:\Users\srinivas1\Desktop\PradeepSelenium\MyMavenProject\src\main\resources
2019-05-08 11:00:34,667 [Worker-24] INFO  o.e.m.c.i.embedder.EclipseLogger - Using 'UTF-8' encoding to copy filtered resources.
2019-05-08 11:00:34,696 [Worker-24] INFO  o.e.m.c.i.embedder.EclipseLogger - skip non existing resourceDirectory C:\Users\srinivas1\Desktop\PradeepSelenium\MyMavenProject\src\test\resources
2019-05-08 11:01:16,644 [Worker-24] INFO  o.e.m.c.i.l.LifecycleMappingFactory - Using org.eclipse.m2e.jdt.JarLifecycleMapping lifecycle mapping for MavenProject: newTours:MyMavenProject:0.0.1-SNAPSHOT @ C:\Users\srinivas1\Desktop\PradeepSelenium\MyMavenProject\pom.xml.
2019-05-08 11:01:17,893 [Worker-24] INFO  o.e.m.c.i.embedder.EclipseLogger - Using 'UTF-8' encoding to copy filtered resources.
2019-05-08 11:01:17,901 [Worker-24] INFO  o.e.m.c.i.embedder.EclipseLogger - skip non existing resourceDirectory C:\Users\srinivas1\Desktop\PradeepSelenium\MyMavenProject\src\main\resources
2019-05-08 11:01:17,911 [Worker-24] INFO  o.e.m.c.i.embedder.EclipseLogger - Using 'UTF-8' encoding to copy filtered resources.
2019-05-08 11:01:17,919 [Worker-24] INFO  o.e.m.c.i.embedder.EclipseLogger - skip non existing resourceDirectory C:\Users\srinivas1\Desktop\PradeepSelenium\MyMavenProject\src\test\resources
2019-05-08 11:01:20,203 [Worker-26] INFO  o.e.m.c.i.embedder.EclipseLogger - Using 'UTF-8' encoding to copy filtered resources.
2019-05-08 11:01:20,261 [Worker-26] INFO  o.e.m.c.i.embedder.EclipseLogger - skip non existing resourceDirectory C:\Users\srinivas1\Desktop\PradeepSelenium\MyMavenProject\src\main\resources
2019-05-08 11:01:20,294 [Worker-26] INFO  o.e.m.c.i.embedder.EclipseLogger - Using 'UTF-8' encoding to copy filtered resources.
2019-05-08 11:01:20,362 [Worker-26] INFO  o.e.m.c.i.embedder.EclipseLogger - skip non existing resourceDirectory C:\Users\srinivas1\Desktop\PradeepSelenium\MyMavenProject\src\test\resources
2019-05-08 11:02:19,653 [Worker-27] INFO  o.e.m.c.i.embedder.EclipseLogger - Using 'UTF-8' encoding to copy filtered resources.
2019-05-08 11:02:19,693 [Worker-27] INFO  o.e.m.c.i.embedder.EclipseLogger - skip non existing resourceDirectory C:\Users\srinivas1\Desktop\PradeepSelenium\MyMavenProject\src\main\resources
2019-05-08 11:02:19,714 [Worker-27] INFO  o.e.m.c.i.embedder.EclipseLogger - Using 'UTF-8' encoding to copy filtered resources.
2019-05-08 11:02:19,728 [Worker-27] INFO  o.e.m.c.i.embedder.EclipseLogger - skip non existing resourceDirectory C:\Users\srinivas1\Desktop\PradeepSelenium\MyMavenProject\src\test\resources
2019-05-08 11:02:40,005 [Worker-24] INFO  o.e.m.c.i.embedder.EclipseLogger - Using 'UTF-8' encoding to copy filtered resources.
2019-05-08 11:02:40,035 [Worker-24] INFO  o.e.m.c.i.embedder.EclipseLogger - skip non existing resourceDirectory C:\Users\srinivas1\Desktop\PradeepSelenium\MyMavenProject\src\main\resources
2019-05-08 11:02:40,053 [Worker-24] INFO  o.e.m.c.i.embedder.EclipseLogger - Using 'UTF-8' encoding to copy filtered resources.
2019-05-08 11:02:40,083 [Worker-24] INFO  o.e.m.c.i.embedder.EclipseLogger - skip non existing resourceDirectory C:\Users\srinivas1\Desktop\PradeepSelenium\MyMavenProject\src\test\resources
2019-05-08 11:04:04,101 [Worker-25] INFO  o.e.m.c.i.embedder.EclipseLogger - Using 'UTF-8' encoding to copy filtered resources.
2019-05-08 11:04:04,198 [Worker-25] INFO  o.e.m.c.i.embedder.EclipseLogger - skip non existing resourceDirectory C:\Users\srinivas1\Desktop\PradeepSelenium\MyMavenProject\src\main\resources
2019-05-08 11:04:04,228 [Worker-25] INFO  o.e.m.c.i.embedder.EclipseLogger - Using 'UTF-8' encoding to copy filtered resources.
2019-05-08 11:04:05,016 [Worker-25] INFO  o.e.m.c.i.embedder.EclipseLogger - skip non existing resourceDirectory C:\Users\srinivas1\Desktop\PradeepSelenium\MyMavenProject\src\test\resources
2019-05-08 11:04:20,139 [Worker-24] INFO  o.e.m.c.i.embedder.EclipseLogger - Using 'UTF-8' encoding to copy filtered resources.
2019-05-08 11:04:20,172 [Worker-24] INFO  o.e.m.c.i.embedder.EclipseLogger - skip non existing resourceDirectory C:\Users\srinivas1\Desktop\PradeepSelenium\MyMavenProject\src\main\resources
2019-05-08 11:04:20,221 [Worker-24] INFO  o.e.m.c.i.embedder.EclipseLogger - Using 'UTF-8' encoding to copy filtered resources.
2019-05-08 11:04:20,348 [Worker-24] INFO  o.e.m.c.i.embedder.EclipseLogger - skip non existing resourceDirectory C:\Users\srinivas1\Desktop\PradeepSelenium\MyMavenProject\src\test\resources
2019-05-08 11:04:47,077 [Worker-29] INFO  o.e.m.c.i.embedder.EclipseLogger - Using 'UTF-8' encoding to copy filtered resources.
2019-05-08 11:04:47,105 [Worker-29] INFO  o.e.m.c.i.embedder.EclipseLogger - skip non existing resourceDirectory C:\Users\srinivas1\Desktop\PradeepSelenium\MyMavenProject\src\main\resources
2019-05-08 11:04:47,140 [Worker-29] INFO  o.e.m.c.i.embedder.EclipseLogger - Using 'UTF-8' encoding to copy filtered resources.
2019-05-08 11:04:47,181 [Worker-29] INFO  o.e.m.c.i.embedder.EclipseLogger - skip non existing resourceDirectory C:\Users\srinivas1\Desktop\PradeepSelenium\MyMavenProject\src\test\resources
2019-05-08 11:05:39,513 [Worker-24] INFO  o.e.m.c.i.embedder.EclipseLogger - Using 'UTF-8' encoding to copy filtered resources.
2019-05-08 11:05:39,535 [Worker-24] INFO  o.e.m.c.i.embedder.EclipseLogger - skip non existing resourceDirectory C:\Users\srinivas1\Desktop\PradeepSelenium\MyMavenProject\src\main\resources
2019-05-08 11:05:39,554 [Worker-24] INFO  o.e.m.c.i.embedder.EclipseLogger - Using 'UTF-8' encoding to copy filtered resources.
2019-05-08 11:05:39,569 [Worker-24] INFO  o.e.m.c.i.embedder.EclipseLogger - skip non existing resourceDirectory C:\Users\srinivas1\Desktop\PradeepSelenium\MyMavenProject\src\test\resources
2019-05-08 11:06:22,704 [Worker-31] INFO  o.e.m.c.i.embedder.EclipseLogger - Using 'UTF-8' encoding to copy filtered resources.
2019-05-08 11:06:22,720 [Worker-31] INFO  o.e.m.c.i.embedder.EclipseLogger - skip non existing resourceDirectory C:\Users\srinivas1\Desktop\PradeepSelenium\MyMavenProject\src\main\resources
2019-05-08 11:06:22,734 [Worker-31] INFO  o.e.m.c.i.embedder.EclipseLogger - Using 'UTF-8' encoding to copy filtered resources.
2019-05-08 11:06:22,747 [Worker-31] INFO  o.e.m.c.i.embedder.EclipseLogger - skip non existing resourceDirectory C:\Users\srinivas1\Desktop\PradeepSelenium\MyMavenProject\src\test\resources
2019-05-08 11:07:49,855 [Worker-28] INFO  o.e.m.c.i.embedder.EclipseLogger - Using 'UTF-8' encoding to copy filtered resources.
2019-05-08 11:07:49,905 [Worker-28] INFO  o.e.m.c.i.embedder.EclipseLogger - skip non existing resourceDirectory C:\Users\srinivas1\Desktop\PradeepSelenium\MyMavenProject\src\main\resources
2019-05-08 11:07:49,929 [Worker-28] INFO  o.e.m.c.i.embedder.EclipseLogger - Using 'UTF-8' encoding to copy filtered resources.
2019-05-08 11:07:49,946 [Worker-28] INFO  o.e.m.c.i.embedder.EclipseLogger - skip non existing resourceDirectory C:\Users\srinivas1\Desktop\PradeepSelenium\MyMavenProject\src\test\resources
2019-05-08 11:11:30,490 [Worker-27] INFO  o.e.m.c.i.l.LifecycleMappingFactory - Using org.eclipse.m2e.jdt.JarLifecycleMapping lifecycle mapping for MavenProject: newTours:MyMavenProject:0.0.1-SNAPSHOT @ C:\Users\srinivas1\Desktop\PradeepSelenium\MyMavenProject\pom.xml.
2019-05-08 11:11:35,343 [Worker-27] INFO  o.e.m.c.i.embedder.EclipseLogger - Using 'UTF-8' encoding to copy filtered resources.
2019-05-08 11:11:35,357 [Worker-27] INFO  o.e.m.c.i.embedder.EclipseLogger - skip non existing resourceDirectory C:\Users\srinivas1\Desktop\PradeepSelenium\MyMavenProject\src\main\resources
2019-05-08 11:11:35,368 [Worker-27] INFO  o.e.m.c.i.embedder.EclipseLogger - Using 'UTF-8' encoding to copy filtered resources.
2019-05-08 11:11:35,369 [Worker-27] INFO  o.e.m.c.i.embedder.EclipseLogger - skip non existing resourceDirectory C:\Users\srinivas1\Desktop\PradeepSelenium\MyMavenProject\src\test\resources
2019-05-08 11:12:35,467 [Worker-32] INFO  o.e.m.c.i.l.LifecycleMappingFactory - Using org.eclipse.m2e.jdt.JarLifecycleMapping lifecycle mapping for MavenProject: newTours:MyMavenProject:0.0.1-SNAPSHOT @ C:\Users\srinivas1\Desktop\PradeepSelenium\MyMavenProject\pom.xml.
2019-05-08 11:12:38,524 [Worker-32] INFO  o.e.m.c.i.embedder.EclipseLogger - Using 'UTF-8' encoding to copy filtered resources.
2019-05-08 11:12:38,525 [Worker-32] INFO  o.e.m.c.i.embedder.EclipseLogger - skip non existing resourceDirectory C:\Users\srinivas1\Desktop\PradeepSelenium\MyMavenProject\src\main\resources
2019-05-08 11:12:38,528 [Worker-32] INFO  o.e.m.c.i.embedder.EclipseLogger - Using 'UTF-8' encoding to copy filtered resources.
2019-05-08 11:12:38,534 [Worker-32] INFO  o.e.m.c.i.embedder.EclipseLogger - skip non existing resourceDirectory C:\Users\srinivas1\Desktop\PradeepSelenium\MyMavenProject\src\test\resources
2019-05-08 11:12:41,637 [Worker-27] INFO  o.e.m.c.i.l.LifecycleMappingFactory - Using org.eclipse.m2e.jdt.JarLifecycleMapping lifecycle mapping for MavenProject: newTours:MyMavenProject:0.0.1-SNAPSHOT @ C:\Users\srinivas1\Desktop\PradeepSelenium\MyMavenProject\pom.xml.
2019-05-08 11:12:41,935 [Worker-32] INFO  o.e.m.c.i.e.AbstractTransferListenerAdapter - Downloading https://repo.maven.apache.org/maven2/log4j/log4j/1.2.8/log4j-1.2.8.pom
2019-05-08 11:12:42,323 [Worker-32] INFO  o.e.m.c.i.e.AbstractTransferListenerAdapter - Downloaded https://repo.maven.apache.org/maven2/log4j/log4j/1.2.8/log4j-1.2.8.pom
2019-05-08 11:12:42,743 [Worker-32] INFO  o.e.m.c.i.e.AbstractTransferListenerAdapter - Downloading https://repo.maven.apache.org/maven2/log4j/log4j/1.2.8/log4j-1.2.8.jar
2019-05-08 11:12:43,415 [Worker-27] INFO  o.e.m.c.i.e.AbstractTransferListenerAdapter - Downloading https://repo.maven.apache.org/maven2/log4j/log4j/1.2.8/log4j-1.2.8.pom
2019-05-08 11:12:43,692 [Worker-27] INFO  o.e.m.c.i.e.AbstractTransferListenerAdapter - Downloaded https://repo.maven.apache.org/maven2/log4j/log4j/1.2.8/log4j-1.2.8.pom
2019-05-08 11:12:44,058 [Worker-27] INFO  o.e.m.c.i.e.AbstractTransferListenerAdapter - Downloading https://repo.maven.apache.org/maven2/log4j/log4j/1.2.8/log4j-1.2.8.jar
2019-05-08 11:12:44,888 [Worker-32] INFO  o.e.m.c.i.e.AbstractTransferListenerAdapter - Downloaded https://repo.maven.apache.org/maven2/log4j/log4j/1.2.8/log4j-1.2.8.jar
2019-05-08 11:12:45,780 [Worker-27] INFO  o.e.m.c.i.e.AbstractTransferListenerAdapter - Downloaded https://repo.maven.apache.org/maven2/log4j/log4j/1.2.8/log4j-1.2.8.jar
2019-05-08 11:12:47,612 [Worker-27] INFO  o.e.m.c.i.embedder.EclipseLogger - Using 'UTF-8' encoding to copy filtered resources.
2019-05-08 11:12:47,626 [Worker-27] INFO  o.e.m.c.i.embedder.EclipseLogger - skip non existing resourceDirectory C:\Users\srinivas1\Desktop\PradeepSelenium\MyMavenProject\src\main\resources
2019-05-08 11:12:47,643 [Worker-27] INFO  o.e.m.c.i.embedder.EclipseLogger - Using 'UTF-8' encoding to copy filtered resources.
2019-05-08 11:12:47,643 [Worker-27] INFO  o.e.m.c.i.embedder.EclipseLogger - skip non existing resourceDirectory C:\Users\srinivas1\Desktop\PradeepSelenium\MyMavenProject\src\test\resources
2019-05-08 11:12:50,047 [Worker-25] INFO  o.e.m.c.i.embedder.EclipseLogger - Using 'UTF-8' encoding to copy filtered resources.
2019-05-08 11:12:50,047 [Worker-25] INFO  o.e.m.c.i.embedder.EclipseLogger - skip non existing resourceDirectory C:\Users\srinivas1\Desktop\PradeepSelenium\MyMavenProject\src\main\resources
2019-05-08 11:12:50,142 [Worker-25] INFO  o.e.m.c.i.embedder.EclipseLogger - Using 'UTF-8' encoding to copy filtered resources.
2019-05-08 11:12:50,188 [Worker-25] INFO  o.e.m.c.i.embedder.EclipseLogger - skip non existing resourceDirectory C:\Users\srinivas1\Desktop\PradeepSelenium\MyMavenProject\src\test\resources
2019-05-08 11:15:03,404 [Worker-24] INFO  o.e.m.c.i.embedder.EclipseLogger - Using 'UTF-8' encoding to copy filtered resources.
2019-05-08 11:15:03,404 [Worker-24] INFO  o.e.m.c.i.embedder.EclipseLogger - skip non existing resourceDirectory C:\Users\srinivas1\Desktop\PradeepSelenium\MyMavenProject\src\main\resources
2019-05-08 11:15:03,425 [Worker-24] INFO  o.e.m.c.i.embedder.EclipseLogger - Using 'UTF-8' encoding to copy filtered resources.
2019-05-08 11:15:03,450 [Worker-24] INFO  o.e.m.c.i.embedder.EclipseLogger - skip non existing resourceDirectory C:\Users\srinivas1\Desktop\PradeepSelenium\MyMavenProject\src\test\resources
2019-05-08 11:17:48,882 [Worker-36] INFO  o.e.m.c.i.embedder.EclipseLogger - Using 'UTF-8' encoding to copy filtered resources.
2019-05-08 11:17:48,883 [Worker-36] INFO  o.e.m.c.i.embedder.EclipseLogger - skip non existing resourceDirectory C:\Users\srinivas1\Desktop\PradeepSelenium\MyMavenProject\src\main\resources
2019-05-08 11:17:48,897 [Worker-36] INFO  o.e.m.c.i.embedder.EclipseLogger - Using 'UTF-8' encoding to copy filtered resources.
2019-05-08 11:17:48,908 [Worker-36] INFO  o.e.m.c.i.embedder.EclipseLogger - skip non existing resourceDirectory C:\Users\srinivas1\Desktop\PradeepSelenium\MyMavenProject\src\test\resources
2019-05-08 11:20:33,770 [Worker-37] INFO  o.e.m.c.i.embedder.EclipseLogger - Using 'UTF-8' encoding to copy filtered resources.
2019-05-08 11:20:33,770 [Worker-37] INFO  o.e.m.c.i.embedder.EclipseLogger - skip non existing resourceDirectory C:\Users\srinivas1\Desktop\PradeepSelenium\MyMavenProject\src\main\resources
2019-05-08 11:20:33,786 [Worker-37] INFO  o.e.m.c.i.embedder.EclipseLogger - Using 'UTF-8' encoding to copy filtered resources.
2019-05-08 11:20:33,794 [Worker-37] INFO  o.e.m.c.i.embedder.EclipseLogger - skip non existing resourceDirectory C:\Users\srinivas1\Desktop\PradeepSelenium\MyMavenProject\src\test\resources
2019-05-08 11:22:42,008 [Worker-37] INFO  o.e.m.c.i.embedder.EclipseLogger - Using 'UTF-8' encoding to copy filtered resources.
2019-05-08 11:22:42,008 [Worker-37] INFO  o.e.m.c.i.embedder.EclipseLogger - skip non existing resourceDirectory C:\Users\srinivas1\Desktop\PradeepSelenium\MyMavenProject\src\main\resources
2019-05-08 11:22:42,018 [Worker-37] INFO  o.e.m.c.i.embedder.EclipseLogger - Using 'UTF-8' encoding to copy filtered resources.
2019-05-08 11:22:42,024 [Worker-37] INFO  o.e.m.c.i.embedder.EclipseLogger - skip non existing resourceDirectory C:\Users\srinivas1\Desktop\PradeepSelenium\MyMavenProject\src\test\resources
2019-05-08 11:23:39,894 [Worker-37] INFO  o.e.m.c.i.embedder.EclipseLogger - Using 'UTF-8' encoding to copy filtered resources.
2019-05-08 11:23:39,894 [Worker-37] INFO  o.e.m.c.i.embedder.EclipseLogger - skip non existing resourceDirectory C:\Users\srinivas1\Desktop\PradeepSelenium\MyMavenProject\src\main\resources
2019-05-08 11:23:39,902 [Worker-37] INFO  o.e.m.c.i.embedder.EclipseLogger - Using 'UTF-8' encoding to copy filtered resources.
2019-05-08 11:23:39,908 [Worker-37] INFO  o.e.m.c.i.embedder.EclipseLogger - skip non existing resourceDirectory C:\Users\srinivas1\Desktop\PradeepSelenium\MyMavenProject\src\test\resources
2019-05-08 11:24:29,632 [Worker-36] INFO  o.e.m.c.i.embedder.EclipseLogger - Using 'UTF-8' encoding to copy filtered resources.
2019-05-08 11:24:29,632 [Worker-36] INFO  o.e.m.c.i.embedder.EclipseLogger - skip non existing resourceDirectory C:\Users\srinivas1\Desktop\PradeepSelenium\MyMavenProject\src\main\resources
2019-05-08 11:24:29,645 [Worker-36] INFO  o.e.m.c.i.embedder.EclipseLogger - Using 'UTF-8' encoding to copy filtered resources.
2019-05-08 11:24:29,653 [Worker-36] INFO  o.e.m.c.i.embedder.EclipseLogger - skip non existing resourceDirectory C:\Users\srinivas1\Desktop\PradeepSelenium\MyMavenProject\src\test\resources
2019-05-08 11:24:53,563 [Worker-36] INFO  o.e.m.c.i.embedder.EclipseLogger - Using 'UTF-8' encoding to copy filtered resources.
2019-05-08 11:24:53,563 [Worker-36] INFO  o.e.m.c.i.embedder.EclipseLogger - skip non existing resourceDirectory C:\Users\srinivas1\Desktop\PradeepSelenium\MyMavenProject\src\main\resources
2019-05-08 11:24:53,571 [Worker-36] INFO  o.e.m.c.i.embedder.EclipseLogger - Using 'UTF-8' encoding to copy filtered resources.
2019-05-08 11:24:53,580 [Worker-36] INFO  o.e.m.c.i.embedder.EclipseLogger - skip non existing resourceDirectory C:\Users\srinivas1\Desktop\PradeepSelenium\MyMavenProject\src\test\resources
2019-05-08 11:25:01,395 [Worker-35] INFO  o.e.m.c.i.embedder.EclipseLogger - Using 'UTF-8' encoding to copy filtered resources.
2019-05-08 11:25:01,396 [Worker-35] INFO  o.e.m.c.i.embedder.EclipseLogger - skip non existing resourceDirectory C:\Users\srinivas1\Desktop\PradeepSelenium\MyMavenProject\src\main\resources
2019-05-08 11:25:01,412 [Worker-35] INFO  o.e.m.c.i.embedder.EclipseLogger - Using 'UTF-8' encoding to copy filtered resources.
2019-05-08 11:25:01,421 [Worker-35] INFO  o.e.m.c.i.embedder.EclipseLogger - skip non existing resourceDirectory C:\Users\srinivas1\Desktop\PradeepSelenium\MyMavenProject\src\test\resources
2019-05-08 11:25:42,131 [Worker-39] INFO  o.e.m.c.i.embedder.EclipseLogger - Using 'UTF-8' encoding to copy filtered resources.
2019-05-08 11:25:42,131 [Worker-39] INFO  o.e.m.c.i.embedder.EclipseLogger - skip non existing resourceDirectory C:\Users\srinivas1\Desktop\PradeepSelenium\MyMavenProject\src\main\resources
2019-05-08 11:25:42,140 [Worker-39] INFO  o.e.m.c.i.embedder.EclipseLogger - Using 'UTF-8' encoding to copy filtered resources.
2019-05-08 11:25:42,149 [Worker-39] INFO  o.e.m.c.i.embedder.EclipseLogger - skip non existing resourceDirectory C:\Users\srinivas1\Desktop\PradeepSelenium\MyMavenProject\src\test\resources
2019-05-08 11:26:30,138 [Worker-32] INFO  o.e.m.c.i.l.LifecycleMappingFactory - Using org.eclipse.m2e.jdt.JarLifecycleMapping lifecycle mapping for MavenProject: newTours:MyMavenProject:0.0.1-SNAPSHOT @ C:\Users\srinivas1\Desktop\PradeepSelenium\MyMavenProject\pom.xml.
2019-05-08 11:26:31,349 [Worker-32] INFO  o.e.m.c.i.embedder.EclipseLogger - Using 'UTF-8' encoding to copy filtered resources.
2019-05-08 11:26:31,365 [Worker-32] INFO  o.e.m.c.i.embedder.EclipseLogger - skip non existing resourceDirectory C:\Users\srinivas1\Desktop\PradeepSelenium\MyMavenProject\src\main\resources
2019-05-08 11:26:31,400 [Worker-32] INFO  o.e.m.c.i.embedder.EclipseLogger - Using 'UTF-8' encoding to copy filtered resources.
2019-05-08 11:26:31,426 [Worker-32] INFO  o.e.m.c.i.embedder.EclipseLogger - skip non existing resourceDirectory C:\Users\srinivas1\Desktop\PradeepSelenium\MyMavenProject\src\test\resources
2019-05-08 11:26:33,092 [Worker-37] INFO  o.e.m.c.i.embedder.EclipseLogger - Using 'UTF-8' encoding to copy filtered resources.
2019-05-08 11:26:33,120 [Worker-37] INFO  o.e.m.c.i.embedder.EclipseLogger - skip non existing resourceDirectory C:\Users\srinivas1\Desktop\PradeepSelenium\MyMavenProject\src\main\resources
2019-05-08 11:26:33,132 [Worker-37] INFO  o.e.m.c.i.embedder.EclipseLogger - Using 'UTF-8' encoding to copy filtered resources.
2019-05-08 11:26:33,145 [Worker-37] INFO  o.e.m.c.i.embedder.EclipseLogger - skip non existing resourceDirectory C:\Users\srinivas1\Desktop\PradeepSelenium\MyMavenProject\src\test\resources
2019-05-08 11:26:36,644 [Worker-39] INFO  o.e.m.c.i.l.LifecycleMappingFactory - Using org.eclipse.m2e.jdt.JarLifecycleMapping lifecycle mapping for MavenProject: newTours:MyMavenProject:0.0.1-SNAPSHOT @ C:\Users\srinivas1\Desktop\PradeepSelenium\MyMavenProject\pom.xml.
2019-05-08 11:26:37,330 [Worker-39] INFO  o.e.m.c.i.embedder.EclipseLogger - Using 'UTF-8' encoding to copy filtered resources.
2019-05-08 11:26:37,337 [Worker-39] INFO  o.e.m.c.i.embedder.EclipseLogger - skip non existing resourceDirectory C:\Users\srinivas1\Desktop\PradeepSelenium\MyMavenProject\src\main\resources
2019-05-08 11:26:37,345 [Worker-39] INFO  o.e.m.c.i.embedder.EclipseLogger - Using 'UTF-8' encoding to copy filtered resources.
2019-05-08 11:26:37,346 [Worker-39] INFO  o.e.m.c.i.embedder.EclipseLogger - skip non existing resourceDirectory C:\Users\srinivas1\Desktop\PradeepSelenium\MyMavenProject\src\test\resources
2019-05-08 11:26:38,447 [Worker-37] INFO  o.e.m.c.i.embedder.EclipseLogger - Using 'UTF-8' encoding to copy filtered resources.
2019-05-08 11:26:38,448 [Worker-37] INFO  o.e.m.c.i.embedder.EclipseLogger - skip non existing resourceDirectory C:\Users\srinivas1\Desktop\PradeepSelenium\MyMavenProject\src\main\resources
2019-05-08 11:26:38,450 [Worker-37] INFO  o.e.m.c.i.embedder.EclipseLogger - Using 'UTF-8' encoding to copy filtered resources.
2019-05-08 11:26:38,450 [Worker-37] INFO  o.e.m.c.i.embedder.EclipseLogger - skip non existing resourceDirectory C:\Users\srinivas1\Desktop\PradeepSelenium\MyMavenProject\src\test\resources
2019-05-08 11:26:54,338 [Worker-37] INFO  o.e.m.c.i.embedder.EclipseLogger - Using 'UTF-8' encoding to copy filtered resources.
2019-05-08 11:26:54,385 [Worker-37] INFO  o.e.m.c.i.embedder.EclipseLogger - skip non existing resourceDirectory C:\Users\srinivas1\Desktop\PradeepSelenium\MyMavenProject\src\main\resources
2019-05-08 11:26:54,397 [Worker-37] INFO  o.e.m.c.i.embedder.EclipseLogger - Using 'UTF-8' encoding to copy filtered resources.
2019-05-08 11:26:54,397 [Worker-37] INFO  o.e.m.c.i.embedder.EclipseLogger - skip non existing resourceDirectory C:\Users\srinivas1\Desktop\PradeepSelenium\MyMavenProject\src\test\resources
2019-05-08 11:28:05,253 [Worker-41] INFO  o.e.m.c.i.embedder.EclipseLogger - Using 'UTF-8' encoding to copy filtered resources.
2019-05-08 11:28:05,254 [Worker-41] INFO  o.e.m.c.i.embedder.EclipseLogger - skip non existing resourceDirectory C:\Users\srinivas1\Desktop\PradeepSelenium\MyMavenProject\src\main\resources
2019-05-08 11:28:05,255 [Worker-41] INFO  o.e.m.c.i.embedder.EclipseLogger - Using 'UTF-8' encoding to copy filtered resources.
2019-05-08 11:28:05,255 [Worker-41] INFO  o.e.m.c.i.embedder.EclipseLogger - skip non existing resourceDirectory C:\Users\srinivas1\Desktop\PradeepSelenium\MyMavenProject\src\test\resources
2019-05-08 11:29:30,662 [Worker-35] INFO  o.e.m.c.i.embedder.EclipseLogger - Using 'UTF-8' encoding to copy filtered resources.
2019-05-08 11:29:30,669 [Worker-35] INFO  o.e.m.c.i.embedder.EclipseLogger - skip non existing resourceDirectory C:\Users\srinivas1\Desktop\PradeepSelenium\MyMavenProject\src\main\resources
2019-05-08 11:29:30,678 [Worker-35] INFO  o.e.m.c.i.embedder.EclipseLogger - Using 'UTF-8' encoding to copy filtered resources.
2019-05-08 11:29:30,678 [Worker-35] INFO  o.e.m.c.i.embedder.EclipseLogger - skip non existing resourceDirectory C:\Users\srinivas1\Desktop\PradeepSelenium\MyMavenProject\src\test\resources
2019-05-08 11:31:01,715 [Worker-38] INFO  o.e.m.c.i.embedder.EclipseLogger - Using 'UTF-8' encoding to copy filtered resources.
2019-05-08 11:31:01,715 [Worker-38] INFO  o.e.m.c.i.embedder.EclipseLogger - skip non existing resourceDirectory C:\Users\srinivas1\Desktop\PradeepSelenium\MyMavenProject\src\main\resources
2019-05-08 11:31:01,726 [Worker-38] INFO  o.e.m.c.i.embedder.EclipseLogger - Using 'UTF-8' encoding to copy filtered resources.
2019-05-08 11:31:01,727 [Worker-38] INFO  o.e.m.c.i.embedder.EclipseLogger - skip non existing resourceDirectory C:\Users\srinivas1\Desktop\PradeepSelenium\MyMavenProject\src\test\resources
2019-05-08 11:32:34,308 [Worker-38] INFO  o.e.m.c.i.embedder.EclipseLogger - Using 'UTF-8' encoding to copy filtered resources.
2019-05-08 11:32:34,318 [Worker-38] INFO  o.e.m.c.i.embedder.EclipseLogger - skip non existing resourceDirectory C:\Users\srinivas1\Desktop\PradeepSelenium\MyMavenProject\src\main\resources
2019-05-08 11:32:34,328 [Worker-38] INFO  o.e.m.c.i.embedder.EclipseLogger - Using 'UTF-8' encoding to copy filtered resources.
2019-05-08 11:32:34,328 [Worker-38] INFO  o.e.m.c.i.embedder.EclipseLogger - skip non existing resourceDirectory C:\Users\srinivas1\Desktop\PradeepSelenium\MyMavenProject\src\test\resources
2019-05-08 11:35:38,415 [Worker-39] INFO  o.e.m.c.i.embedder.EclipseLogger - Using 'UTF-8' encoding to copy filtered resources.
2019-05-08 11:35:38,416 [Worker-39] INFO  o.e.m.c.i.embedder.EclipseLogger - skip non existing resourceDirectory C:\Users\srinivas1\Desktop\PradeepSelenium\MyMavenProject\src\main\resources
2019-05-08 11:35:38,419 [Worker-39] INFO  o.e.m.c.i.embedder.EclipseLogger - Using 'UTF-8' encoding to copy filtered resources.
2019-05-08 11:35:38,419 [Worker-39] INFO  o.e.m.c.i.embedder.EclipseLogger - skip non existing resourceDirectory C:\Users\srinivas1\Desktop\PradeepSelenium\MyMavenProject\src\test\resources
